<?xml version="1.0" encoding="UTF-8"?>
<!-- Generated by org.testng.reporters.JUnitReportReporter -->
<testsuite skipped="0" hostname="DESKTOP-MTKLQ6Q" name="com.newtours.tests.BookFlightTest" tests="20" failures="0" timestamp="18 Dec 2020 13:15:45 GMT" time="63.206" errors="0">
  <testcase name="findFlightPage" time="0.399" classname="com.newtours.tests.BookFlightTest"/>
  <testcase name="registrationPage" time="9.908" classname="com.newtours.tests.BookFlightTest"/>
  <testcase name="registrationConfirmationPage" time="0.148" classname="com.newtours.tests.BookFlightTest"/>
  <testcase name="flightConfirmationPage" time="0.267" classname="com.newtours.tests.BookFlightTest"/>
  <testcase name="flightConfirmationPage" time="0.630" classname="com.newtours.tests.BookFlightTest"/>
  <testcase name="registrationConfirmationPage" time="0.141" classname="com.newtours.tests.BookFlightTest"/>
  <testcase name="findFlightPage" time="0.309" classname="com.newtours.tests.BookFlightTest"/>
  <testcase name="flightConfirmationPage" time="0.281" classname="com.newtours.tests.BookFlightTest"/>
  <testcase name="registrationConfirmationPage" time="0.185" classname="com.newtours.tests.BookFlightTest"/>
  <testcase name="findFlightPage" time="0.338" classname="com.newtours.tests.BookFlightTest"/>
  <testcase name="registrationPage" time="7.255" classname="com.newtours.tests.BookFlightTest"/>
  <testcase name="findFlightPage" time="0.371" classname="com.newtours.tests.BookFlightTest"/>
  <testcase name="flightConfirmationPage" time="0.281" classname="com.newtours.tests.BookFlightTest"/>
  <testcase name="registrationConfirmationPage" time="0.168" classname="com.newtours.tests.BookFlightTest"/>
  <testcase name="registrationPage" time="26.489" classname="com.newtours.tests.BookFlightTest"/>
  <testcase name="flightDetailsPage" time="1.562" classname="com.newtours.tests.BookFlightTest"/>
  <testcase name="flightDetailsPage" time="1.507" classname="com.newtours.tests.BookFlightTest"/>
  <testcase name="registrationPage" time="9.757" classname="com.newtours.tests.BookFlightTest"/>
  <testcase name="flightDetailsPage" time="1.527" classname="com.newtours.tests.BookFlightTest"/>
  <testcase name="flightDetailsPage" time="1.683" classname="com.newtours.tests.BookFlightTest"/>
</testsuite> <!-- com.newtours.tests.BookFlightTest -->
